<?xml version="1.0" encoding="UTF-8"?>
<testsuite name="jpa.querydsl.entity.QuerydslBasicTest" tests="9" skipped="0" failures="0" errors="0" timestamp="2024-12-17T04:54:19" hostname="HARVEY" time="1.421">
  <properties/>
  <testcase name="startJPQL()" classname="jpa.querydsl.entity.QuerydslBasicTest" time="0.848"/>
  <testcase name="startQueryDsl()" classname="jpa.querydsl.entity.QuerydslBasicTest" time="0.101"/>
  <testcase name="paging()" classname="jpa.querydsl.entity.QuerydslBasicTest" time="0.104"/>
  <testcase name="search()" classname="jpa.querydsl.entity.QuerydslBasicTest" time="0.059"/>
  <testcase name="resultFetch()" classname="jpa.querydsl.entity.QuerydslBasicTest" time="0.047"/>
  <testcase name="sort()" classname="jpa.querydsl.entity.QuerydslBasicTest" time="0.022"/>
  <testcase name="groupBy()" classname="jpa.querydsl.entity.QuerydslBasicTest" time="0.147"/>
  <testcase name="aggregation()" classname="jpa.querydsl.entity.QuerydslBasicTest" time="0.075"/>
  <testcase name="AllSearchCondition()" classname="jpa.querydsl.entity.QuerydslBasicTest" time="0.006"/>
  <system-out><![CDATA[13:54:16.032 [Test worker] INFO org.springframework.test.context.support.AnnotationConfigContextLoaderUtils -- Could not detect default configuration classes for test class [jpa.querydsl.entity.QuerydslBasicTest]: QuerydslBasicTest does not declare any static, non-private, non-final, nested classes annotated with @Configuration.
13:54:16.180 [Test worker] INFO org.springframework.boot.test.context.SpringBootTestContextBootstrapper -- Found @SpringBootConfiguration jpa.querydsl.QueryDslApplication for test class jpa.querydsl.entity.QuerydslBasicTest

  .   ____          _            __ _ _
 /\\ / ___'_ __ _ _(_)_ __  __ _ \ \ \ \
( ( )\___ | '_ | '_| | '_ \/ _` | \ \ \ \
 \\/  ___)| |_)| | | | | || (_| |  ) ) ) )
  '  |____| .__|_| |_|_| |_\__, | / / / /
 =========|_|==============|___/=/_/_/_/

 :: Spring Boot ::                (v3.4.0)

2024-12-17T13:54:16.550+09:00  INFO 19540 --- [    Test worker] jpa.querydsl.entity.QuerydslBasicTest    : Starting QuerydslBasicTest using Java 21.0.3 with PID 19540 (started by MINSEOK in C:\Users\Administrator\Desktop\Inflearn\QueryDSL\QueryDSL)
2024-12-17T13:54:16.551+09:00  INFO 19540 --- [    Test worker] jpa.querydsl.entity.QuerydslBasicTest    : No active profile set, falling back to 1 default profile: "default"
2024-12-17T13:54:17.104+09:00  INFO 19540 --- [    Test worker] .s.d.r.c.RepositoryConfigurationDelegate : Bootstrapping Spring Data JPA repositories in DEFAULT mode.
2024-12-17T13:54:17.130+09:00  INFO 19540 --- [    Test worker] .s.d.r.c.RepositoryConfigurationDelegate : Finished Spring Data repository scanning in 16 ms. Found 0 JPA repository interfaces.
2024-12-17T13:54:17.728+09:00  INFO 19540 --- [    Test worker] o.hibernate.jpa.internal.util.LogHelper  : HHH000204: Processing PersistenceUnitInfo [name: default]
2024-12-17T13:54:17.783+09:00  INFO 19540 --- [    Test worker] org.hibernate.Version                    : HHH000412: Hibernate ORM core version 6.6.2.Final
2024-12-17T13:54:17.820+09:00  INFO 19540 --- [    Test worker] o.h.c.internal.RegionFactoryInitiator    : HHH000026: Second-level cache disabled
2024-12-17T13:54:18.103+09:00  INFO 19540 --- [    Test worker] o.s.o.j.p.SpringPersistenceUnitInfo      : No LoadTimeWeaver setup: ignoring JPA class transformer
2024-12-17T13:54:18.127+09:00  INFO 19540 --- [    Test worker] com.zaxxer.hikari.HikariDataSource       : HikariPool-1 - Starting...
2024-12-17T13:54:18.186+09:00  INFO 19540 --- [    Test worker] com.zaxxer.hikari.pool.HikariPool        : HikariPool-1 - Added connection conn0: url=jdbc:h2:tcp://localhost/~/querydsl user=SA
2024-12-17T13:54:18.188+09:00  INFO 19540 --- [    Test worker] com.zaxxer.hikari.HikariDataSource       : HikariPool-1 - Start completed.
2024-12-17T13:54:18.230+09:00  INFO 19540 --- [    Test worker] org.hibernate.orm.connections.pooling    : HHH10001005: Database info:
	Database JDBC URL [Connecting through datasource 'p6SpyDataSourceDecorator [com.p6spy.engine.spy.P6DataSource] -> dataSource [com.zaxxer.hikari.HikariDataSource]']
	Database driver: undefined/unknown
	Database version: 2.2.224
	Autocommit mode: undefined/unknown
	Isolation level: undefined/unknown
	Minimum pool size: undefined/unknown
	Maximum pool size: undefined/unknown
2024-12-17T13:54:18.759+09:00 DEBUG 19540 --- [    Test worker] org.hibernate.SQL                        : 
    create global temporary table HTE_team(rn_ integer not null, team_id bigint, name varchar(255), primary key (rn_)) TRANSACTIONAL
2024-12-17T13:54:18.763+09:00  INFO 19540 --- [    Test worker] p6spy                                    : #1734411258763 | took 1ms | statement | connection 1| url jdbc:h2:tcp://localhost/~/querydsl
create global temporary table HTE_team(rn_ integer not null, team_id bigint, name varchar(255), primary key (rn_)) TRANSACTIONAL
create global temporary table HTE_team(rn_ integer not null, team_id bigint, name varchar(255), primary key (rn_)) TRANSACTIONAL;
2024-12-17T13:54:18.764+09:00 DEBUG 19540 --- [    Test worker] org.hibernate.SQL                        : 
    create global temporary table HTE_member(age integer, rn_ integer not null, member_id bigint, team_id bigint, username varchar(255), primary key (rn_)) TRANSACTIONAL
2024-12-17T13:54:18.765+09:00  INFO 19540 --- [    Test worker] p6spy                                    : #1734411258765 | took 0ms | statement | connection 2| url jdbc:h2:tcp://localhost/~/querydsl
create global temporary table HTE_member(age integer, rn_ integer not null, member_id bigint, team_id bigint, username varchar(255), primary key (rn_)) TRANSACTIONAL
create global temporary table HTE_member(age integer, rn_ integer not null, member_id bigint, team_id bigint, username varchar(255), primary key (rn_)) TRANSACTIONAL;
2024-12-17T13:54:18.765+09:00 DEBUG 19540 --- [    Test worker] org.hibernate.SQL                        : 
    create global temporary table HTE_hello(rn_ integer not null, id bigint, message varchar(255), primary key (rn_)) TRANSACTIONAL
2024-12-17T13:54:18.766+09:00  INFO 19540 --- [    Test worker] p6spy                                    : #1734411258766 | took 0ms | statement | connection 3| url jdbc:h2:tcp://localhost/~/querydsl
create global temporary table HTE_hello(rn_ integer not null, id bigint, message varchar(255), primary key (rn_)) TRANSACTIONAL
create global temporary table HTE_hello(rn_ integer not null, id bigint, message varchar(255), primary key (rn_)) TRANSACTIONAL;
2024-12-17T13:54:18.865+09:00  INFO 19540 --- [    Test worker] o.h.e.t.j.p.i.JtaPlatformInitiator       : HHH000489: No JTA platform available (set 'hibernate.transaction.jta.platform' to enable JTA platform integration)
2024-12-17T13:54:18.874+09:00 DEBUG 19540 --- [    Test worker] org.hibernate.SQL                        : 
    drop table if exists hello cascade 
2024-12-17T13:54:18.875+09:00  INFO 19540 --- [    Test worker] p6spy                                    : #1734411258875 | took 0ms | statement | connection 4| url jdbc:h2:tcp://localhost/~/querydsl

    drop table if exists hello cascade 

    drop table if exists hello cascade ;
2024-12-17T13:54:18.876+09:00 DEBUG 19540 --- [    Test worker] org.hibernate.SQL                        : 
    drop table if exists member cascade 
2024-12-17T13:54:18.876+09:00  INFO 19540 --- [    Test worker] p6spy                                    : #1734411258876 | took 0ms | statement | connection 4| url jdbc:h2:tcp://localhost/~/querydsl

    drop table if exists member cascade 

    drop table if exists member cascade ;
2024-12-17T13:54:18.876+09:00 DEBUG 19540 --- [    Test worker] org.hibernate.SQL                        : 
    drop table if exists team cascade 
2024-12-17T13:54:18.877+09:00  INFO 19540 --- [    Test worker] p6spy                                    : #1734411258877 | took 0ms | statement | connection 4| url jdbc:h2:tcp://localhost/~/querydsl

    drop table if exists team cascade 

    drop table if exists team cascade ;
2024-12-17T13:54:18.878+09:00 DEBUG 19540 --- [    Test worker] org.hibernate.SQL                        : 
    drop sequence if exists hello_seq
2024-12-17T13:54:18.878+09:00  INFO 19540 --- [    Test worker] p6spy                                    : #1734411258878 | took 0ms | statement | connection 4| url jdbc:h2:tcp://localhost/~/querydsl

    drop sequence if exists hello_seq

    drop sequence if exists hello_seq;
2024-12-17T13:54:18.879+09:00 DEBUG 19540 --- [    Test worker] org.hibernate.SQL                        : 
    drop sequence if exists member_seq
2024-12-17T13:54:18.879+09:00  INFO 19540 --- [    Test worker] p6spy                                    : #1734411258879 | took 0ms | statement | connection 4| url jdbc:h2:tcp://localhost/~/querydsl

    drop sequence if exists member_seq

    drop sequence if exists member_seq;
2024-12-17T13:54:18.879+09:00 DEBUG 19540 --- [    Test worker] org.hibernate.SQL                        : 
    drop sequence if exists team_seq
2024-12-17T13:54:18.880+09:00  INFO 19540 --- [    Test worker] p6spy                                    : #1734411258880 | took 0ms | statement | connection 4| url jdbc:h2:tcp://localhost/~/querydsl

    drop sequence if exists team_seq

    drop sequence if exists team_seq;
2024-12-17T13:54:18.883+09:00 DEBUG 19540 --- [    Test worker] org.hibernate.SQL                        : 
    create sequence hello_seq start with 1 increment by 50
2024-12-17T13:54:18.884+09:00  INFO 19540 --- [    Test worker] p6spy                                    : #1734411258884 | took 0ms | statement | connection 5| url jdbc:h2:tcp://localhost/~/querydsl

    create sequence hello_seq start with 1 increment by 50

    create sequence hello_seq start with 1 increment by 50;
2024-12-17T13:54:18.885+09:00 DEBUG 19540 --- [    Test worker] org.hibernate.SQL                        : 
    create sequence member_seq start with 1 increment by 50
2024-12-17T13:54:18.885+09:00  INFO 19540 --- [    Test worker] p6spy                                    : #1734411258885 | took 0ms | statement | connection 5| url jdbc:h2:tcp://localhost/~/querydsl

    create sequence member_seq start with 1 increment by 50

    create sequence member_seq start with 1 increment by 50;
2024-12-17T13:54:18.885+09:00 DEBUG 19540 --- [    Test worker] org.hibernate.SQL                        : 
    create sequence team_seq start with 1 increment by 50
2024-12-17T13:54:18.886+09:00  INFO 19540 --- [    Test worker] p6spy                                    : #1734411258886 | took 0ms | statement | connection 5| url jdbc:h2:tcp://localhost/~/querydsl

    create sequence team_seq start with 1 increment by 50

    create sequence team_seq start with 1 increment by 50;
2024-12-17T13:54:18.888+09:00 DEBUG 19540 --- [    Test worker] org.hibernate.SQL                        : 
    create table hello (
        id bigint not null,
        message varchar(255),
        primary key (id)
    )
2024-12-17T13:54:18.889+09:00  INFO 19540 --- [    Test worker] p6spy                                    : #1734411258889 | took 0ms | statement | connection 5| url jdbc:h2:tcp://localhost/~/querydsl

    create table hello (
        id bigint not null,
        message varchar(255),
        primary key (id)
    )

    create table hello (
        id bigint not null,
        message varchar(255),
        primary key (id)
    );
2024-12-17T13:54:18.889+09:00 DEBUG 19540 --- [    Test worker] org.hibernate.SQL                        : 
    create table member (
        age integer not null,
        member_id bigint not null,
        team_id bigint,
        username varchar(255),
        primary key (member_id)
    )
2024-12-17T13:54:18.890+09:00  INFO 19540 --- [    Test worker] p6spy                                    : #1734411258890 | took 0ms | statement | connection 5| url jdbc:h2:tcp://localhost/~/querydsl

    create table member (
        age integer not null,
        member_id bigint not null,
        team_id bigint,
        username varchar(255),
        primary key (member_id)
    )

    create table member (
        age integer not null,
        member_id bigint not null,
        team_id bigint,
        username varchar(255),
        primary key (member_id)
    );
2024-12-17T13:54:18.891+09:00 DEBUG 19540 --- [    Test worker] org.hibernate.SQL                        : 
    create table team (
        team_id bigint not null,
        name varchar(255),
        primary key (team_id)
    )
2024-12-17T13:54:18.892+09:00  INFO 19540 --- [    Test worker] p6spy                                    : #1734411258892 | took 0ms | statement | connection 5| url jdbc:h2:tcp://localhost/~/querydsl

    create table team (
        team_id bigint not null,
        name varchar(255),
        primary key (team_id)
    )

    create table team (
        team_id bigint not null,
        name varchar(255),
        primary key (team_id)
    );
2024-12-17T13:54:18.893+09:00 DEBUG 19540 --- [    Test worker] org.hibernate.SQL                        : 
    alter table if exists member 
       add constraint FKcjte2jn9pvo9ud2hyfgwcja0k 
       foreign key (team_id) 
       references team
2024-12-17T13:54:18.902+09:00  INFO 19540 --- [    Test worker] p6spy                                    : #1734411258902 | took 8ms | statement | connection 5| url jdbc:h2:tcp://localhost/~/querydsl

    alter table if exists member 
       add constraint FKcjte2jn9pvo9ud2hyfgwcja0k 
       foreign key (team_id) 
       references team

    alter table if exists member 
       add constraint FKcjte2jn9pvo9ud2hyfgwcja0k 
       foreign key (team_id) 
       references team;
2024-12-17T13:54:18.905+09:00  INFO 19540 --- [    Test worker] j.LocalContainerEntityManagerFactoryBean : Initialized JPA EntityManagerFactory for persistence unit 'default'
2024-12-17T13:54:19.014+09:00  WARN 19540 --- [    Test worker] JpaBaseConfiguration$JpaWebConfiguration : spring.jpa.open-in-view is enabled by default. Therefore, database queries may be performed during view rendering. Explicitly configure spring.jpa.open-in-view to disable this warning
2024-12-17T13:54:19.510+09:00  INFO 19540 --- [    Test worker] jpa.querydsl.entity.QuerydslBasicTest    : Started QuerydslBasicTest in 3.215 seconds (process running for 4.27)
2024-12-17T13:54:19.907+09:00 DEBUG 19540 --- [    Test worker] org.hibernate.SQL                        : 
    select
        next value for team_seq
2024-12-17T13:54:19.918+09:00  INFO 19540 --- [    Test worker] p6spy                                    : #1734411259918 | took 5ms | statement | connection 6| url jdbc:h2:tcp://localhost/~/querydsl
select next value for team_seq
select next value for team_seq;
2024-12-17T13:54:19.933+09:00 DEBUG 19540 --- [    Test worker] org.hibernate.SQL                        : 
    select
        next value for team_seq
2024-12-17T13:54:19.935+09:00  INFO 19540 --- [    Test worker] p6spy                                    : #1734411259935 | took 0ms | statement | connection 6| url jdbc:h2:tcp://localhost/~/querydsl
select next value for team_seq
select next value for team_seq;
2024-12-17T13:54:19.935+09:00 DEBUG 19540 --- [    Test worker] org.hibernate.SQL                        : 
    select
        next value for member_seq
2024-12-17T13:54:19.936+09:00  INFO 19540 --- [    Test worker] p6spy                                    : #1734411259936 | took 0ms | statement | connection 6| url jdbc:h2:tcp://localhost/~/querydsl
select next value for member_seq
select next value for member_seq;
2024-12-17T13:54:19.937+09:00 DEBUG 19540 --- [    Test worker] org.hibernate.SQL                        : 
    select
        next value for member_seq
2024-12-17T13:54:19.938+09:00  INFO 19540 --- [    Test worker] p6spy                                    : #1734411259938 | took 0ms | statement | connection 6| url jdbc:h2:tcp://localhost/~/querydsl
select next value for member_seq
select next value for member_seq;
2024-12-17T13:54:20.279+09:00 DEBUG 19540 --- [    Test worker] org.hibernate.SQL                        : 
    insert 
    into
        team
        (name, team_id) 
    values
        (?, ?)
2024-12-17T13:54:20.282+09:00  INFO 19540 --- [    Test worker] p6spy                                    : #1734411260282 | took 0ms | statement | connection 6| url jdbc:h2:tcp://localhost/~/querydsl
insert into team (name,team_id) values (?,?)
insert into team (name,team_id) values ('teamA',1);
2024-12-17T13:54:20.283+09:00 DEBUG 19540 --- [    Test worker] org.hibernate.SQL                        : 
    insert 
    into
        team
        (name, team_id) 
    values
        (?, ?)
2024-12-17T13:54:20.284+09:00  INFO 19540 --- [    Test worker] p6spy                                    : #1734411260284 | took 0ms | statement | connection 6| url jdbc:h2:tcp://localhost/~/querydsl
insert into team (name,team_id) values (?,?)
insert into team (name,team_id) values ('teamB',2);
2024-12-17T13:54:20.284+09:00 DEBUG 19540 --- [    Test worker] org.hibernate.SQL                        : 
    insert 
    into
        member
        (age, team_id, username, member_id) 
    values
        (?, ?, ?, ?)
2024-12-17T13:54:20.285+09:00  INFO 19540 --- [    Test worker] p6spy                                    : #1734411260285 | took 0ms | statement | connection 6| url jdbc:h2:tcp://localhost/~/querydsl
insert into member (age,team_id,username,member_id) values (?,?,?,?)
insert into member (age,team_id,username,member_id) values (10,1,'member1',1);
2024-12-17T13:54:20.286+09:00 DEBUG 19540 --- [    Test worker] org.hibernate.SQL                        : 
    insert 
    into
        member
        (age, team_id, username, member_id) 
    values
        (?, ?, ?, ?)
2024-12-17T13:54:20.288+09:00  INFO 19540 --- [    Test worker] p6spy                                    : #1734411260288 | took 0ms | statement | connection 6| url jdbc:h2:tcp://localhost/~/querydsl
insert into member (age,team_id,username,member_id) values (?,?,?,?)
insert into member (age,team_id,username,member_id) values (20,1,'member2',2);
2024-12-17T13:54:20.288+09:00 DEBUG 19540 --- [    Test worker] org.hibernate.SQL                        : 
    insert 
    into
        member
        (age, team_id, username, member_id) 
    values
        (?, ?, ?, ?)
2024-12-17T13:54:20.289+09:00  INFO 19540 --- [    Test worker] p6spy                                    : #1734411260289 | took 0ms | statement | connection 6| url jdbc:h2:tcp://localhost/~/querydsl
insert into member (age,team_id,username,member_id) values (?,?,?,?)
insert into member (age,team_id,username,member_id) values (30,2,'member3',3);
2024-12-17T13:54:20.289+09:00 DEBUG 19540 --- [    Test worker] org.hibernate.SQL                        : 
    insert 
    into
        member
        (age, team_id, username, member_id) 
    values
        (?, ?, ?, ?)
2024-12-17T13:54:20.290+09:00  INFO 19540 --- [    Test worker] p6spy                                    : #1734411260290 | took 0ms | statement | connection 6| url jdbc:h2:tcp://localhost/~/querydsl
insert into member (age,team_id,username,member_id) values (?,?,?,?)
insert into member (age,team_id,username,member_id) values (40,2,'member4',4);
2024-12-17T13:54:20.301+09:00 DEBUG 19540 --- [    Test worker] org.hibernate.SQL                        : 
    select
        m1_0.member_id,
        m1_0.age,
        m1_0.team_id,
        m1_0.username 
    from
        member m1_0 
    where
        m1_0.username=?
2024-12-17T13:54:20.303+09:00  INFO 19540 --- [    Test worker] p6spy                                    : #1734411260303 | took 0ms | statement | connection 6| url jdbc:h2:tcp://localhost/~/querydsl
select m1_0.member_id,m1_0.age,m1_0.team_id,m1_0.username from member m1_0 where m1_0.username=?
select m1_0.member_id,m1_0.age,m1_0.team_id,m1_0.username from member m1_0 where m1_0.username='member1';
2024-12-17T13:54:20.361+09:00  INFO 19540 --- [    Test worker] p6spy                                    : #1734411260361 | took 0ms | rollback | connection 6| url jdbc:h2:tcp://localhost/~/querydsl

;
2024-12-17T13:54:20.464+09:00 DEBUG 19540 --- [    Test worker] org.hibernate.SQL                        : 
    insert 
    into
        team
        (name, team_id) 
    values
        (?, ?)
2024-12-17T13:54:20.466+09:00  INFO 19540 --- [    Test worker] p6spy                                    : #1734411260465 | took 0ms | statement | connection 7| url jdbc:h2:tcp://localhost/~/querydsl
insert into team (name,team_id) values (?,?)
insert into team (name,team_id) values ('teamA',3);
2024-12-17T13:54:20.466+09:00 DEBUG 19540 --- [    Test worker] org.hibernate.SQL                        : 
    insert 
    into
        team
        (name, team_id) 
    values
        (?, ?)
2024-12-17T13:54:20.467+09:00  INFO 19540 --- [    Test worker] p6spy                                    : #1734411260467 | took 0ms | statement | connection 7| url jdbc:h2:tcp://localhost/~/querydsl
insert into team (name,team_id) values (?,?)
insert into team (name,team_id) values ('teamB',4);
2024-12-17T13:54:20.467+09:00 DEBUG 19540 --- [    Test worker] org.hibernate.SQL                        : 
    insert 
    into
        member
        (age, team_id, username, member_id) 
    values
        (?, ?, ?, ?)
2024-12-17T13:54:20.468+09:00  INFO 19540 --- [    Test worker] p6spy                                    : #1734411260468 | took 0ms | statement | connection 7| url jdbc:h2:tcp://localhost/~/querydsl
insert into member (age,team_id,username,member_id) values (?,?,?,?)
insert into member (age,team_id,username,member_id) values (10,3,'member1',5);
2024-12-17T13:54:20.469+09:00 DEBUG 19540 --- [    Test worker] org.hibernate.SQL                        : 
    insert 
    into
        member
        (age, team_id, username, member_id) 
    values
        (?, ?, ?, ?)
2024-12-17T13:54:20.470+09:00  INFO 19540 --- [    Test worker] p6spy                                    : #1734411260470 | took 0ms | statement | connection 7| url jdbc:h2:tcp://localhost/~/querydsl
insert into member (age,team_id,username,member_id) values (?,?,?,?)
insert into member (age,team_id,username,member_id) values (20,3,'member2',6);
2024-12-17T13:54:20.470+09:00 DEBUG 19540 --- [    Test worker] org.hibernate.SQL                        : 
    insert 
    into
        member
        (age, team_id, username, member_id) 
    values
        (?, ?, ?, ?)
2024-12-17T13:54:20.471+09:00  INFO 19540 --- [    Test worker] p6spy                                    : #1734411260471 | took 0ms | statement | connection 7| url jdbc:h2:tcp://localhost/~/querydsl
insert into member (age,team_id,username,member_id) values (?,?,?,?)
insert into member (age,team_id,username,member_id) values (30,4,'member3',7);
2024-12-17T13:54:20.471+09:00 DEBUG 19540 --- [    Test worker] org.hibernate.SQL                        : 
    insert 
    into
        member
        (age, team_id, username, member_id) 
    values
        (?, ?, ?, ?)
2024-12-17T13:54:20.473+09:00  INFO 19540 --- [    Test worker] p6spy                                    : #1734411260473 | took 0ms | statement | connection 7| url jdbc:h2:tcp://localhost/~/querydsl
insert into member (age,team_id,username,member_id) values (?,?,?,?)
insert into member (age,team_id,username,member_id) values (40,4,'member4',8);
2024-12-17T13:54:20.473+09:00 DEBUG 19540 --- [    Test worker] org.hibernate.SQL                        : 
    select
        m1_0.member_id,
        m1_0.age,
        m1_0.team_id,
        m1_0.username 
    from
        member m1_0 
    where
        m1_0.username=?
2024-12-17T13:54:20.474+09:00  INFO 19540 --- [    Test worker] p6spy                                    : #1734411260474 | took 0ms | statement | connection 7| url jdbc:h2:tcp://localhost/~/querydsl
select m1_0.member_id,m1_0.age,m1_0.team_id,m1_0.username from member m1_0 where m1_0.username=?
select m1_0.member_id,m1_0.age,m1_0.team_id,m1_0.username from member m1_0 where m1_0.username='member1';
2024-12-17T13:54:20.476+09:00  INFO 19540 --- [    Test worker] p6spy                                    : #1734411260476 | took 0ms | rollback | connection 7| url jdbc:h2:tcp://localhost/~/querydsl

;
2024-12-17T13:54:20.498+09:00 DEBUG 19540 --- [    Test worker] org.hibernate.SQL                        : 
    insert 
    into
        team
        (name, team_id) 
    values
        (?, ?)
2024-12-17T13:54:20.500+09:00  INFO 19540 --- [    Test worker] p6spy                                    : #1734411260500 | took 0ms | statement | connection 8| url jdbc:h2:tcp://localhost/~/querydsl
insert into team (name,team_id) values (?,?)
insert into team (name,team_id) values ('teamA',5);
2024-12-17T13:54:20.500+09:00 DEBUG 19540 --- [    Test worker] org.hibernate.SQL                        : 
    insert 
    into
        team
        (name, team_id) 
    values
        (?, ?)
2024-12-17T13:54:20.501+09:00  INFO 19540 --- [    Test worker] p6spy                                    : #1734411260501 | took 0ms | statement | connection 8| url jdbc:h2:tcp://localhost/~/querydsl
insert into team (name,team_id) values (?,?)
insert into team (name,team_id) values ('teamB',6);
2024-12-17T13:54:20.502+09:00 DEBUG 19540 --- [    Test worker] org.hibernate.SQL                        : 
    insert 
    into
        member
        (age, team_id, username, member_id) 
    values
        (?, ?, ?, ?)
2024-12-17T13:54:20.504+09:00  INFO 19540 --- [    Test worker] p6spy                                    : #1734411260504 | took 0ms | statement | connection 8| url jdbc:h2:tcp://localhost/~/querydsl
insert into member (age,team_id,username,member_id) values (?,?,?,?)
insert into member (age,team_id,username,member_id) values (10,5,'member1',9);
2024-12-17T13:54:20.504+09:00 DEBUG 19540 --- [    Test worker] org.hibernate.SQL                        : 
    insert 
    into
        member
        (age, team_id, username, member_id) 
    values
        (?, ?, ?, ?)
2024-12-17T13:54:20.505+09:00  INFO 19540 --- [    Test worker] p6spy                                    : #1734411260505 | took 0ms | statement | connection 8| url jdbc:h2:tcp://localhost/~/querydsl
insert into member (age,team_id,username,member_id) values (?,?,?,?)
insert into member (age,team_id,username,member_id) values (20,5,'member2',10);
2024-12-17T13:54:20.506+09:00 DEBUG 19540 --- [    Test worker] org.hibernate.SQL                        : 
    insert 
    into
        member
        (age, team_id, username, member_id) 
    values
        (?, ?, ?, ?)
2024-12-17T13:54:20.507+09:00  INFO 19540 --- [    Test worker] p6spy                                    : #1734411260507 | took 0ms | statement | connection 8| url jdbc:h2:tcp://localhost/~/querydsl
insert into member (age,team_id,username,member_id) values (?,?,?,?)
insert into member (age,team_id,username,member_id) values (30,6,'member3',11);
2024-12-17T13:54:20.507+09:00 DEBUG 19540 --- [    Test worker] org.hibernate.SQL                        : 
    insert 
    into
        member
        (age, team_id, username, member_id) 
    values
        (?, ?, ?, ?)
2024-12-17T13:54:20.508+09:00  INFO 19540 --- [    Test worker] p6spy                                    : #1734411260508 | took 0ms | statement | connection 8| url jdbc:h2:tcp://localhost/~/querydsl
insert into member (age,team_id,username,member_id) values (?,?,?,?)
insert into member (age,team_id,username,member_id) values (40,6,'member4',12);
2024-12-17T13:54:20.509+09:00 DEBUG 19540 --- [    Test worker] org.hibernate.SQL                        : 
    select
        m1_0.member_id,
        m1_0.age,
        m1_0.team_id,
        m1_0.username 
    from
        member m1_0 
    order by
        m1_0.username desc 
    offset
        ? rows 
    fetch
        first ? rows only
2024-12-17T13:54:20.511+09:00  INFO 19540 --- [    Test worker] p6spy                                    : #1734411260511 | took 0ms | statement | connection 8| url jdbc:h2:tcp://localhost/~/querydsl
select m1_0.member_id,m1_0.age,m1_0.team_id,m1_0.username from member m1_0 order by m1_0.username desc offset ? rows fetch first ? rows only
select m1_0.member_id,m1_0.age,m1_0.team_id,m1_0.username from member m1_0 order by m1_0.username desc offset 1 rows fetch first 2 rows only;
2024-12-17T13:54:20.569+09:00 DEBUG 19540 --- [    Test worker] org.hibernate.SQL                        : 
    select
        count(m1_0.member_id) 
    from
        member m1_0
2024-12-17T13:54:20.570+09:00  INFO 19540 --- [    Test worker] p6spy                                    : #1734411260570 | took 0ms | statement | connection 8| url jdbc:h2:tcp://localhost/~/querydsl
select count(m1_0.member_id) from member m1_0
select count(m1_0.member_id) from member m1_0;
2024-12-17T13:54:20.573+09:00 DEBUG 19540 --- [    Test worker] org.hibernate.SQL                        : 
    select
        m1_0.member_id,
        m1_0.age,
        m1_0.team_id,
        m1_0.username 
    from
        member m1_0 
    order by
        m1_0.username desc 
    offset
        ? rows 
    fetch
        first ? rows only
2024-12-17T13:54:20.574+09:00  INFO 19540 --- [    Test worker] p6spy                                    : #1734411260574 | took 0ms | statement | connection 8| url jdbc:h2:tcp://localhost/~/querydsl
select m1_0.member_id,m1_0.age,m1_0.team_id,m1_0.username from member m1_0 order by m1_0.username desc offset ? rows fetch first ? rows only
select m1_0.member_id,m1_0.age,m1_0.team_id,m1_0.username from member m1_0 order by m1_0.username desc offset 1 rows fetch first 2 rows only;
2024-12-17T13:54:20.581+09:00  INFO 19540 --- [    Test worker] p6spy                                    : #1734411260581 | took 0ms | rollback | connection 8| url jdbc:h2:tcp://localhost/~/querydsl

;
2024-12-17T13:54:20.631+09:00 DEBUG 19540 --- [    Test worker] org.hibernate.SQL                        : 
    insert 
    into
        team
        (name, team_id) 
    values
        (?, ?)
2024-12-17T13:54:20.632+09:00  INFO 19540 --- [    Test worker] p6spy                                    : #1734411260632 | took 0ms | statement | connection 9| url jdbc:h2:tcp://localhost/~/querydsl
insert into team (name,team_id) values (?,?)
insert into team (name,team_id) values ('teamA',7);
2024-12-17T13:54:20.632+09:00 DEBUG 19540 --- [    Test worker] org.hibernate.SQL                        : 
    insert 
    into
        team
        (name, team_id) 
    values
        (?, ?)
2024-12-17T13:54:20.633+09:00  INFO 19540 --- [    Test worker] p6spy                                    : #1734411260633 | took 0ms | statement | connection 9| url jdbc:h2:tcp://localhost/~/querydsl
insert into team (name,team_id) values (?,?)
insert into team (name,team_id) values ('teamB',8);
2024-12-17T13:54:20.633+09:00 DEBUG 19540 --- [    Test worker] org.hibernate.SQL                        : 
    insert 
    into
        member
        (age, team_id, username, member_id) 
    values
        (?, ?, ?, ?)
2024-12-17T13:54:20.634+09:00  INFO 19540 --- [    Test worker] p6spy                                    : #1734411260634 | took 0ms | statement | connection 9| url jdbc:h2:tcp://localhost/~/querydsl
insert into member (age,team_id,username,member_id) values (?,?,?,?)
insert into member (age,team_id,username,member_id) values (10,7,'member1',13);
2024-12-17T13:54:20.635+09:00 DEBUG 19540 --- [    Test worker] org.hibernate.SQL                        : 
    insert 
    into
        member
        (age, team_id, username, member_id) 
    values
        (?, ?, ?, ?)
2024-12-17T13:54:20.636+09:00  INFO 19540 --- [    Test worker] p6spy                                    : #1734411260636 | took 0ms | statement | connection 9| url jdbc:h2:tcp://localhost/~/querydsl
insert into member (age,team_id,username,member_id) values (?,?,?,?)
insert into member (age,team_id,username,member_id) values (20,7,'member2',14);
2024-12-17T13:54:20.636+09:00 DEBUG 19540 --- [    Test worker] org.hibernate.SQL                        : 
    insert 
    into
        member
        (age, team_id, username, member_id) 
    values
        (?, ?, ?, ?)
2024-12-17T13:54:20.637+09:00  INFO 19540 --- [    Test worker] p6spy                                    : #1734411260637 | took 0ms | statement | connection 9| url jdbc:h2:tcp://localhost/~/querydsl
insert into member (age,team_id,username,member_id) values (?,?,?,?)
insert into member (age,team_id,username,member_id) values (30,8,'member3',15);
2024-12-17T13:54:20.637+09:00 DEBUG 19540 --- [    Test worker] org.hibernate.SQL                        : 
    insert 
    into
        member
        (age, team_id, username, member_id) 
    values
        (?, ?, ?, ?)
2024-12-17T13:54:20.638+09:00  INFO 19540 --- [    Test worker] p6spy                                    : #1734411260638 | took 0ms | statement | connection 9| url jdbc:h2:tcp://localhost/~/querydsl
insert into member (age,team_id,username,member_id) values (?,?,?,?)
insert into member (age,team_id,username,member_id) values (40,8,'member4',16);
2024-12-17T13:54:20.638+09:00 DEBUG 19540 --- [    Test worker] org.hibernate.SQL                        : 
    select
        m1_0.member_id,
        m1_0.age,
        m1_0.team_id,
        m1_0.username 
    from
        member m1_0 
    where
        m1_0.username=? 
        and m1_0.age in (?, ?)
2024-12-17T13:54:20.639+09:00  INFO 19540 --- [    Test worker] p6spy                                    : #1734411260639 | took 0ms | statement | connection 9| url jdbc:h2:tcp://localhost/~/querydsl
select m1_0.member_id,m1_0.age,m1_0.team_id,m1_0.username from member m1_0 where m1_0.username=? and m1_0.age in (?,?)
select m1_0.member_id,m1_0.age,m1_0.team_id,m1_0.username from member m1_0 where m1_0.username='member1' and m1_0.age in (10,20);
2024-12-17T13:54:20.641+09:00  INFO 19540 --- [    Test worker] p6spy                                    : #1734411260641 | took 0ms | rollback | connection 9| url jdbc:h2:tcp://localhost/~/querydsl

;
2024-12-17T13:54:20.648+09:00 DEBUG 19540 --- [    Test worker] org.hibernate.SQL                        : 
    insert 
    into
        team
        (name, team_id) 
    values
        (?, ?)
2024-12-17T13:54:20.649+09:00  INFO 19540 --- [    Test worker] p6spy                                    : #1734411260649 | took 0ms | statement | connection 10| url jdbc:h2:tcp://localhost/~/querydsl
insert into team (name,team_id) values (?,?)
insert into team (name,team_id) values ('teamA',9);
2024-12-17T13:54:20.649+09:00 DEBUG 19540 --- [    Test worker] org.hibernate.SQL                        : 
    insert 
    into
        team
        (name, team_id) 
    values
        (?, ?)
2024-12-17T13:54:20.650+09:00  INFO 19540 --- [    Test worker] p6spy                                    : #1734411260650 | took 0ms | statement | connection 10| url jdbc:h2:tcp://localhost/~/querydsl
insert into team (name,team_id) values (?,?)
insert into team (name,team_id) values ('teamB',10);
2024-12-17T13:54:20.650+09:00 DEBUG 19540 --- [    Test worker] org.hibernate.SQL                        : 
    insert 
    into
        member
        (age, team_id, username, member_id) 
    values
        (?, ?, ?, ?)
2024-12-17T13:54:20.651+09:00  INFO 19540 --- [    Test worker] p6spy                                    : #1734411260651 | took 0ms | statement | connection 10| url jdbc:h2:tcp://localhost/~/querydsl
insert into member (age,team_id,username,member_id) values (?,?,?,?)
insert into member (age,team_id,username,member_id) values (10,9,'member1',17);
2024-12-17T13:54:20.652+09:00 DEBUG 19540 --- [    Test worker] org.hibernate.SQL                        : 
    insert 
    into
        member
        (age, team_id, username, member_id) 
    values
        (?, ?, ?, ?)
2024-12-17T13:54:20.653+09:00  INFO 19540 --- [    Test worker] p6spy                                    : #1734411260653 | took 0ms | statement | connection 10| url jdbc:h2:tcp://localhost/~/querydsl
insert into member (age,team_id,username,member_id) values (?,?,?,?)
insert into member (age,team_id,username,member_id) values (20,9,'member2',18);
2024-12-17T13:54:20.653+09:00 DEBUG 19540 --- [    Test worker] org.hibernate.SQL                        : 
    insert 
    into
        member
        (age, team_id, username, member_id) 
    values
        (?, ?, ?, ?)
2024-12-17T13:54:20.654+09:00  INFO 19540 --- [    Test worker] p6spy                                    : #1734411260654 | took 0ms | statement | connection 10| url jdbc:h2:tcp://localhost/~/querydsl
insert into member (age,team_id,username,member_id) values (?,?,?,?)
insert into member (age,team_id,username,member_id) values (30,10,'member3',19);
2024-12-17T13:54:20.655+09:00 DEBUG 19540 --- [    Test worker] org.hibernate.SQL                        : 
    insert 
    into
        member
        (age, team_id, username, member_id) 
    values
        (?, ?, ?, ?)
2024-12-17T13:54:20.655+09:00  INFO 19540 --- [    Test worker] p6spy                                    : #1734411260655 | took 0ms | statement | connection 10| url jdbc:h2:tcp://localhost/~/querydsl
insert into member (age,team_id,username,member_id) values (?,?,?,?)
insert into member (age,team_id,username,member_id) values (40,10,'member4',20);
2024-12-17T13:54:20.656+09:00 DEBUG 19540 --- [    Test worker] org.hibernate.SQL                        : 
    select
        m1_0.member_id,
        m1_0.age,
        m1_0.team_id,
        m1_0.username 
    from
        member m1_0
2024-12-17T13:54:20.657+09:00  INFO 19540 --- [    Test worker] p6spy                                    : #1734411260657 | took 0ms | statement | connection 10| url jdbc:h2:tcp://localhost/~/querydsl
select m1_0.member_id,m1_0.age,m1_0.team_id,m1_0.username from member m1_0
select m1_0.member_id,m1_0.age,m1_0.team_id,m1_0.username from member m1_0;
2024-12-17T13:54:20.659+09:00 DEBUG 19540 --- [    Test worker] org.hibernate.SQL                        : 
    select
        m1_0.member_id,
        m1_0.age,
        m1_0.team_id,
        m1_0.username 
    from
        member m1_0 
    where
        m1_0.username=?
2024-12-17T13:54:20.660+09:00  INFO 19540 --- [    Test worker] p6spy                                    : #1734411260660 | took 0ms | statement | connection 10| url jdbc:h2:tcp://localhost/~/querydsl
select m1_0.member_id,m1_0.age,m1_0.team_id,m1_0.username from member m1_0 where m1_0.username=?
select m1_0.member_id,m1_0.age,m1_0.team_id,m1_0.username from member m1_0 where m1_0.username='member1';
2024-12-17T13:54:20.662+09:00 DEBUG 19540 --- [    Test worker] org.hibernate.SQL                        : 
    select
        m1_0.member_id,
        m1_0.age,
        m1_0.team_id,
        m1_0.username 
    from
        member m1_0 
    fetch
        first ? rows only
2024-12-17T13:54:20.663+09:00  INFO 19540 --- [    Test worker] p6spy                                    : #1734411260663 | took 0ms | statement | connection 10| url jdbc:h2:tcp://localhost/~/querydsl
select m1_0.member_id,m1_0.age,m1_0.team_id,m1_0.username from member m1_0 fetch first ? rows only
select m1_0.member_id,m1_0.age,m1_0.team_id,m1_0.username from member m1_0 fetch first 1 rows only;
2024-12-17T13:54:20.665+09:00 DEBUG 19540 --- [    Test worker] org.hibernate.SQL                        : 
    select
        count(m1_0.member_id) 
    from
        member m1_0
2024-12-17T13:54:20.668+09:00  INFO 19540 --- [    Test worker] p6spy                                    : #1734411260668 | took 0ms | statement | connection 10| url jdbc:h2:tcp://localhost/~/querydsl
select count(m1_0.member_id) from member m1_0
select count(m1_0.member_id) from member m1_0;
2024-12-17T13:54:20.671+09:00 DEBUG 19540 --- [    Test worker] org.hibernate.SQL                        : 
    select
        m1_0.member_id,
        m1_0.age,
        m1_0.team_id,
        m1_0.username 
    from
        member m1_0
2024-12-17T13:54:20.672+09:00  INFO 19540 --- [    Test worker] p6spy                                    : #1734411260672 | took 0ms | statement | connection 10| url jdbc:h2:tcp://localhost/~/querydsl
select m1_0.member_id,m1_0.age,m1_0.team_id,m1_0.username from member m1_0
select m1_0.member_id,m1_0.age,m1_0.team_id,m1_0.username from member m1_0;
2024-12-17T13:54:20.674+09:00 DEBUG 19540 --- [    Test worker] org.hibernate.SQL                        : 
    select
        count(m1_0.member_id) 
    from
        member m1_0
2024-12-17T13:54:20.675+09:00  INFO 19540 --- [    Test worker] p6spy                                    : #1734411260675 | took 0ms | statement | connection 10| url jdbc:h2:tcp://localhost/~/querydsl
select count(m1_0.member_id) from member m1_0
select count(m1_0.member_id) from member m1_0;
2024-12-17T13:54:20.689+09:00  INFO 19540 --- [    Test worker] p6spy                                    : #1734411260688 | took 0ms | rollback | connection 10| url jdbc:h2:tcp://localhost/~/querydsl

;
2024-12-17T13:54:20.702+09:00 DEBUG 19540 --- [    Test worker] org.hibernate.SQL                        : 
    insert 
    into
        team
        (name, team_id) 
    values
        (?, ?)
2024-12-17T13:54:20.703+09:00  INFO 19540 --- [    Test worker] p6spy                                    : #1734411260703 | took 0ms | statement | connection 11| url jdbc:h2:tcp://localhost/~/querydsl
insert into team (name,team_id) values (?,?)
insert into team (name,team_id) values ('teamA',11);
2024-12-17T13:54:20.703+09:00 DEBUG 19540 --- [    Test worker] org.hibernate.SQL                        : 
    insert 
    into
        team
        (name, team_id) 
    values
        (?, ?)
2024-12-17T13:54:20.704+09:00  INFO 19540 --- [    Test worker] p6spy                                    : #1734411260704 | took 0ms | statement | connection 11| url jdbc:h2:tcp://localhost/~/querydsl
insert into team (name,team_id) values (?,?)
insert into team (name,team_id) values ('teamB',12);
2024-12-17T13:54:20.705+09:00 DEBUG 19540 --- [    Test worker] org.hibernate.SQL                        : 
    insert 
    into
        member
        (age, team_id, username, member_id) 
    values
        (?, ?, ?, ?)
2024-12-17T13:54:20.706+09:00  INFO 19540 --- [    Test worker] p6spy                                    : #1734411260706 | took 0ms | statement | connection 11| url jdbc:h2:tcp://localhost/~/querydsl
insert into member (age,team_id,username,member_id) values (?,?,?,?)
insert into member (age,team_id,username,member_id) values (10,11,'member1',21);
2024-12-17T13:54:20.706+09:00 DEBUG 19540 --- [    Test worker] org.hibernate.SQL                        : 
    insert 
    into
        member
        (age, team_id, username, member_id) 
    values
        (?, ?, ?, ?)
2024-12-17T13:54:20.708+09:00  INFO 19540 --- [    Test worker] p6spy                                    : #1734411260708 | took 0ms | statement | connection 11| url jdbc:h2:tcp://localhost/~/querydsl
insert into member (age,team_id,username,member_id) values (?,?,?,?)
insert into member (age,team_id,username,member_id) values (20,11,'member2',22);
2024-12-17T13:54:20.708+09:00 DEBUG 19540 --- [    Test worker] org.hibernate.SQL                        : 
    insert 
    into
        member
        (age, team_id, username, member_id) 
    values
        (?, ?, ?, ?)
2024-12-17T13:54:20.709+09:00  INFO 19540 --- [    Test worker] p6spy                                    : #1734411260709 | took 0ms | statement | connection 11| url jdbc:h2:tcp://localhost/~/querydsl
insert into member (age,team_id,username,member_id) values (?,?,?,?)
insert into member (age,team_id,username,member_id) values (30,12,'member3',23);
2024-12-17T13:54:20.709+09:00 DEBUG 19540 --- [    Test worker] org.hibernate.SQL                        : 
    insert 
    into
        member
        (age, team_id, username, member_id) 
    values
        (?, ?, ?, ?)
2024-12-17T13:54:20.710+09:00  INFO 19540 --- [    Test worker] p6spy                                    : #1734411260710 | took 0ms | statement | connection 11| url jdbc:h2:tcp://localhost/~/querydsl
insert into member (age,team_id,username,member_id) values (?,?,?,?)
insert into member (age,team_id,username,member_id) values (40,12,'member4',24);
2024-12-17T13:54:20.711+09:00 DEBUG 19540 --- [    Test worker] org.hibernate.SQL                        : 
    select
        m1_0.member_id,
        m1_0.age,
        m1_0.team_id,
        m1_0.username 
    from
        member m1_0 
    order by
        m1_0.age desc,
        m1_0.username asc nulls last
2024-12-17T13:54:20.712+09:00  INFO 19540 --- [    Test worker] p6spy                                    : #1734411260712 | took 0ms | statement | connection 11| url jdbc:h2:tcp://localhost/~/querydsl
select m1_0.member_id,m1_0.age,m1_0.team_id,m1_0.username from member m1_0 order by m1_0.age desc,m1_0.username asc nulls last
select m1_0.member_id,m1_0.age,m1_0.team_id,m1_0.username from member m1_0 order by m1_0.age desc,m1_0.username asc nulls last;
2024-12-17T13:54:20.714+09:00  INFO 19540 --- [    Test worker] p6spy                                    : #1734411260714 | took 0ms | rollback | connection 11| url jdbc:h2:tcp://localhost/~/querydsl

;
2024-12-17T13:54:20.834+09:00 DEBUG 19540 --- [    Test worker] org.hibernate.SQL                        : 
    insert 
    into
        team
        (name, team_id) 
    values
        (?, ?)
2024-12-17T13:54:20.835+09:00  INFO 19540 --- [    Test worker] p6spy                                    : #1734411260835 | took 0ms | statement | connection 12| url jdbc:h2:tcp://localhost/~/querydsl
insert into team (name,team_id) values (?,?)
insert into team (name,team_id) values ('teamA',13);
2024-12-17T13:54:20.836+09:00 DEBUG 19540 --- [    Test worker] org.hibernate.SQL                        : 
    insert 
    into
        team
        (name, team_id) 
    values
        (?, ?)
2024-12-17T13:54:20.837+09:00  INFO 19540 --- [    Test worker] p6spy                                    : #1734411260837 | took 0ms | statement | connection 12| url jdbc:h2:tcp://localhost/~/querydsl
insert into team (name,team_id) values (?,?)
insert into team (name,team_id) values ('teamB',14);
2024-12-17T13:54:20.837+09:00 DEBUG 19540 --- [    Test worker] org.hibernate.SQL                        : 
    insert 
    into
        member
        (age, team_id, username, member_id) 
    values
        (?, ?, ?, ?)
2024-12-17T13:54:20.839+09:00  INFO 19540 --- [    Test worker] p6spy                                    : #1734411260839 | took 0ms | statement | connection 12| url jdbc:h2:tcp://localhost/~/querydsl
insert into member (age,team_id,username,member_id) values (?,?,?,?)
insert into member (age,team_id,username,member_id) values (10,13,'member1',25);
2024-12-17T13:54:20.839+09:00 DEBUG 19540 --- [    Test worker] org.hibernate.SQL                        : 
    insert 
    into
        member
        (age, team_id, username, member_id) 
    values
        (?, ?, ?, ?)
2024-12-17T13:54:20.841+09:00  INFO 19540 --- [    Test worker] p6spy                                    : #1734411260841 | took 0ms | statement | connection 12| url jdbc:h2:tcp://localhost/~/querydsl
insert into member (age,team_id,username,member_id) values (?,?,?,?)
insert into member (age,team_id,username,member_id) values (20,13,'member2',26);
2024-12-17T13:54:20.841+09:00 DEBUG 19540 --- [    Test worker] org.hibernate.SQL                        : 
    insert 
    into
        member
        (age, team_id, username, member_id) 
    values
        (?, ?, ?, ?)
2024-12-17T13:54:20.842+09:00  INFO 19540 --- [    Test worker] p6spy                                    : #1734411260842 | took 0ms | statement | connection 12| url jdbc:h2:tcp://localhost/~/querydsl
insert into member (age,team_id,username,member_id) values (?,?,?,?)
insert into member (age,team_id,username,member_id) values (30,14,'member3',27);
2024-12-17T13:54:20.843+09:00 DEBUG 19540 --- [    Test worker] org.hibernate.SQL                        : 
    insert 
    into
        member
        (age, team_id, username, member_id) 
    values
        (?, ?, ?, ?)
2024-12-17T13:54:20.844+09:00  INFO 19540 --- [    Test worker] p6spy                                    : #1734411260844 | took 0ms | statement | connection 12| url jdbc:h2:tcp://localhost/~/querydsl
insert into member (age,team_id,username,member_id) values (?,?,?,?)
insert into member (age,team_id,username,member_id) values (40,14,'member4',28);
2024-12-17T13:54:20.844+09:00 DEBUG 19540 --- [    Test worker] org.hibernate.SQL                        : 
    select
        t1_0.name,
        avg(cast(m1_0.age as float(53))) 
    from
        member m1_0 
    join
        team t1_0 
            on t1_0.team_id=m1_0.team_id 
    group by
        t1_0.name
2024-12-17T13:54:20.847+09:00  INFO 19540 --- [    Test worker] p6spy                                    : #1734411260847 | took 1ms | statement | connection 12| url jdbc:h2:tcp://localhost/~/querydsl
select t1_0.name,avg(cast(m1_0.age as float(53))) from member m1_0 join team t1_0 on t1_0.team_id=m1_0.team_id group by t1_0.name
select t1_0.name,avg(cast(m1_0.age as float(53))) from member m1_0 join team t1_0 on t1_0.team_id=m1_0.team_id group by t1_0.name;
2024-12-17T13:54:20.861+09:00  INFO 19540 --- [    Test worker] p6spy                                    : #1734411260861 | took 0ms | rollback | connection 12| url jdbc:h2:tcp://localhost/~/querydsl

;
2024-12-17T13:54:20.924+09:00 DEBUG 19540 --- [    Test worker] org.hibernate.SQL                        : 
    insert 
    into
        team
        (name, team_id) 
    values
        (?, ?)
2024-12-17T13:54:20.925+09:00  INFO 19540 --- [    Test worker] p6spy                                    : #1734411260925 | took 0ms | statement | connection 13| url jdbc:h2:tcp://localhost/~/querydsl
insert into team (name,team_id) values (?,?)
insert into team (name,team_id) values ('teamA',15);
2024-12-17T13:54:20.926+09:00 DEBUG 19540 --- [    Test worker] org.hibernate.SQL                        : 
    insert 
    into
        team
        (name, team_id) 
    values
        (?, ?)
2024-12-17T13:54:20.926+09:00  INFO 19540 --- [    Test worker] p6spy                                    : #1734411260926 | took 0ms | statement | connection 13| url jdbc:h2:tcp://localhost/~/querydsl
insert into team (name,team_id) values (?,?)
insert into team (name,team_id) values ('teamB',16);
2024-12-17T13:54:20.927+09:00 DEBUG 19540 --- [    Test worker] org.hibernate.SQL                        : 
    insert 
    into
        member
        (age, team_id, username, member_id) 
    values
        (?, ?, ?, ?)
2024-12-17T13:54:20.928+09:00  INFO 19540 --- [    Test worker] p6spy                                    : #1734411260928 | took 0ms | statement | connection 13| url jdbc:h2:tcp://localhost/~/querydsl
insert into member (age,team_id,username,member_id) values (?,?,?,?)
insert into member (age,team_id,username,member_id) values (10,15,'member1',29);
2024-12-17T13:54:20.928+09:00 DEBUG 19540 --- [    Test worker] org.hibernate.SQL                        : 
    insert 
    into
        member
        (age, team_id, username, member_id) 
    values
        (?, ?, ?, ?)
2024-12-17T13:54:20.929+09:00  INFO 19540 --- [    Test worker] p6spy                                    : #1734411260929 | took 0ms | statement | connection 13| url jdbc:h2:tcp://localhost/~/querydsl
insert into member (age,team_id,username,member_id) values (?,?,?,?)
insert into member (age,team_id,username,member_id) values (20,15,'member2',30);
2024-12-17T13:54:20.930+09:00 DEBUG 19540 --- [    Test worker] org.hibernate.SQL                        : 
    insert 
    into
        member
        (age, team_id, username, member_id) 
    values
        (?, ?, ?, ?)
2024-12-17T13:54:20.931+09:00  INFO 19540 --- [    Test worker] p6spy                                    : #1734411260931 | took 0ms | statement | connection 13| url jdbc:h2:tcp://localhost/~/querydsl
insert into member (age,team_id,username,member_id) values (?,?,?,?)
insert into member (age,team_id,username,member_id) values (30,16,'member3',31);
2024-12-17T13:54:20.932+09:00 DEBUG 19540 --- [    Test worker] org.hibernate.SQL                        : 
    insert 
    into
        member
        (age, team_id, username, member_id) 
    values
        (?, ?, ?, ?)
2024-12-17T13:54:20.933+09:00  INFO 19540 --- [    Test worker] p6spy                                    : #1734411260933 | took 0ms | statement | connection 13| url jdbc:h2:tcp://localhost/~/querydsl
insert into member (age,team_id,username,member_id) values (?,?,?,?)
insert into member (age,team_id,username,member_id) values (40,16,'member4',32);
2024-12-17T13:54:20.933+09:00 DEBUG 19540 --- [    Test worker] org.hibernate.SQL                        : 
    select
        count(m1_0.member_id),
        sum(m1_0.age),
        avg(cast(m1_0.age as float(53))),
        max(m1_0.age),
        min(m1_0.age) 
    from
        member m1_0
2024-12-17T13:54:20.935+09:00  INFO 19540 --- [    Test worker] p6spy                                    : #1734411260935 | took 0ms | statement | connection 13| url jdbc:h2:tcp://localhost/~/querydsl
select count(m1_0.member_id),sum(m1_0.age),avg(cast(m1_0.age as float(53))),max(m1_0.age),min(m1_0.age) from member m1_0
select count(m1_0.member_id),sum(m1_0.age),avg(cast(m1_0.age as float(53))),max(m1_0.age),min(m1_0.age) from member m1_0;
2024-12-17T13:54:20.937+09:00  INFO 19540 --- [    Test worker] p6spy                                    : #1734411260937 | took 0ms | rollback | connection 13| url jdbc:h2:tcp://localhost/~/querydsl

;
2024-12-17T13:54:20.946+09:00  INFO 19540 --- [    Test worker] p6spy                                    : #1734411260946 | took 0ms | rollback | connection 14| url jdbc:h2:tcp://localhost/~/querydsl

;
]]></system-out>
  <system-err><![CDATA[Mockito is currently self-attaching to enable the inline-mock-maker. This will no longer work in future releases of the JDK. Please add Mockito as an agent to your build what is described in Mockito's documentation: https://javadoc.io/doc/org.mockito/mockito-core/latest/org/mockito/Mockito.html#0.3
WARNING: A Java agent has been loaded dynamically (C:\Users\Administrator\.gradle\caches\modules-2\files-2.1\net.bytebuddy\byte-buddy-agent\1.15.10\e8eb255b2c378b9a6c7341e7b0e12f0a5636377\byte-buddy-agent-1.15.10.jar)
WARNING: If a serviceability tool is in use, please run with -XX:+EnableDynamicAgentLoading to hide this warning
WARNING: If a serviceability tool is not in use, please run with -Djdk.instrument.traceUsage for more information
WARNING: Dynamic loading of agents will be disallowed by default in a future release
]]></system-err>
</testsuite>
